# JRE version: OpenJDK Runtime Environment (19.0.2+7) (build 19.0.2+7-44)
# Java VM: OpenJDK 64-Bit Server VM (19.0.2+7-44, mixed mode, emulated-client, sharing, tiered, compressed oops, compressed class ptrs, g1 gc, windows-amd64)
GC Precious Log:
 CardTable entry size: 512
 Card Set container configuration: InlinePtr #cards 5 size 8 Array Of Cards #cards 12 size 40 Howl #buckets 4 coarsen threshold 1843 Howl Bitmap #cards 512 size 80 coarsen threshold 460 Card regions per heap region 1 cards per card region 2048
 CPUs: 12 total, 12 available
 Memory: 7599M
 Large Page Support: Disabled
 NUMA Support: Disabled
 Compressed Oops: Enabled (32-bit)
 Heap Region Size: 1M
 Heap Min Capacity: 8M
 Heap Initial Capacity: 120M
 Heap Max Capacity: 1900M
 Pre-touch: Disabled
 Parallel Workers: 10
 Concurrent Workers: 3
 Concurrent Refinement Workers: 10
 Periodic GC: Disabled
Heap:
 garbage-first heap   total 133120K, used 63114K [0x0000000089400000, 0x0000000100000000)
  region size 1024K, 4 young (4096K), 4 survivors (4096K)
 Metaspace       used 85345K, committed 86336K, reserved 1179648K
  class space    used 12126K, committed 12608K, reserved 1048576K
GC Heap History (20 events):
Event: 4.971 GC heap after
{Heap after GC invocations=14 (full 0):
 garbage-first heap   total 70656K, used 28004K [0x0000000089400000, 0x0000000100000000)
  region size 1024K, 1 young (1024K), 1 survivors (1024K)
 Metaspace       used 47030K, committed 47616K, reserved 1114112K
  class space    used 6348K, committed 6592K, reserved 1048576K
}
Event: 5.392 GC heap before
{Heap before GC invocations=14 (full 0):
 garbage-first heap   total 70656K, used 53604K [0x0000000089400000, 0x0000000100000000)
  region size 1024K, 27 young (27648K), 1 survivors (1024K)
 Metaspace       used 52357K, committed 52992K, reserved 1114112K
  class space    used 7059K, committed 7360K, reserved 1048576K
}
Event: 5.394 GC heap after
{Heap after GC invocations=15 (full 0):
 garbage-first heap   total 126976K, used 29484K [0x0000000089400000, 0x0000000100000000)
  region size 1024K, 2 young (2048K), 2 survivors (2048K)
 Metaspace       used 52357K, committed 52992K, reserved 1114112K
  class space    used 7059K, committed 7360K, reserved 1048576K
}
Event: 5.942 GC heap before
{Heap before GC invocations=15 (full 0):
 garbage-first heap   total 126976K, used 64300K [0x0000000089400000, 0x0000000100000000)
  region size 1024K, 38 young (38912K), 2 survivors (2048K)
 Metaspace       used 59696K, committed 60416K, reserved 1114112K
  class space    used 8278K, committed 8640K, reserved 1048576K
}
Event: 5.947 GC heap after
{Heap after GC invocations=16 (full 0):
 garbage-first heap   total 126976K, used 30646K [0x0000000089400000, 0x0000000100000000)
  region size 1024K, 4 young (4096K), 4 survivors (4096K)
 Metaspace       used 59696K, committed 60416K, reserved 1114112K
  class space    used 8278K, committed 8640K, reserved 1048576K
}
Event: 6.987 GC heap before
{Heap before GC invocations=17 (full 0):
 garbage-first heap   total 109568K, used 92086K [0x0000000089400000, 0x0000000100000000)
  region size 1024K, 64 young (65536K), 4 survivors (4096K)
 Metaspace       used 66608K, committed 67328K, reserved 1114112K
  class space    used 9268K, committed 9600K, reserved 1048576K
}
Event: 6.993 GC heap after
{Heap after GC invocations=18 (full 0):
 garbage-first heap   total 109568K, used 33980K [0x0000000089400000, 0x0000000100000000)
  region size 1024K, 7 young (7168K), 7 survivors (7168K)
 Metaspace       used 66608K, committed 67328K, reserved 1114112K
  class space    used 9268K, committed 9600K, reserved 1048576K
}
Event: 6.996 GC heap before
{Heap before GC invocations=18 (full 0):
 garbage-first heap   total 109568K, used 35004K [0x0000000089400000, 0x0000000100000000)
  region size 1024K, 8 young (8192K), 7 survivors (7168K)
 Metaspace       used 66608K, committed 67328K, reserved 1114112K
  class space    used 9268K, committed 9600K, reserved 1048576K
}
Event: 7.002 GC heap after
{Heap after GC invocations=19 (full 0):
 garbage-first heap   total 109568K, used 33774K [0x0000000089400000, 0x0000000100000000)
  region size 1024K, 1 young (1024K), 1 survivors (1024K)
 Metaspace       used 66608K, committed 67328K, reserved 1114112K
  class space    used 9268K, committed 9600K, reserved 1048576K
}
Event: 7.409 GC heap before
{Heap before GC invocations=19 (full 0):
 garbage-first heap   total 109568K, used 84974K [0x0000000089400000, 0x0000000100000000)
  region size 1024K, 52 young (53248K), 1 survivors (1024K)
 Metaspace       used 71221K, committed 71936K, reserved 1114112K
  class space    used 10080K, committed 10432K, reserved 1048576K
}
Event: 7.412 GC heap after
{Heap after GC invocations=20 (full 0):
 garbage-first heap   total 109568K, used 36558K [0x0000000089400000, 0x0000000100000000)
  region size 1024K, 4 young (4096K), 4 survivors (4096K)
 Metaspace       used 71221K, committed 71936K, reserved 1114112K
  class space    used 10080K, committed 10432K, reserved 1048576K
}
Event: 7.892 GC heap before
{Heap before GC invocations=20 (full 0):
 garbage-first heap   total 109568K, used 86734K [0x0000000089400000, 0x0000000100000000)
  region size 1024K, 53 young (54272K), 4 survivors (4096K)
 Metaspace       used 74493K, committed 75264K, reserved 1114112K
  class space    used 10527K, committed 10880K, reserved 1048576K
}
Event: 7.898 GC heap after
{Heap after GC invocations=21 (full 0):
 garbage-first heap   total 109568K, used 39651K [0x0000000089400000, 0x0000000100000000)
  region size 1024K, 7 young (7168K), 7 survivors (7168K)
 Metaspace       used 74493K, committed 75264K, reserved 1114112K
  class space    used 10527K, committed 10880K, reserved 1048576K
}
Event: 8.572 GC heap before
{Heap before GC invocations=21 (full 0):
 garbage-first heap   total 109568K, used 87779K [0x0000000089400000, 0x0000000100000000)
  region size 1024K, 54 young (55296K), 7 survivors (7168K)
 Metaspace       used 78516K, committed 79360K, reserved 1179648K
  class space    used 11171K, committed 11584K, reserved 1048576K
}
Event: 8.580 GC heap after
{Heap after GC invocations=22 (full 0):
 garbage-first heap   total 109568K, used 43329K [0x0000000089400000, 0x0000000100000000)
  region size 1024K, 7 young (7168K), 7 survivors (7168K)
 Metaspace       used 78516K, committed 79360K, reserved 1179648K
  class space    used 11171K, committed 11584K, reserved 1048576K
}
Event: 14.337 GC heap before
{Heap before GC invocations=23 (full 0):
 garbage-first heap   total 115712K, used 113985K [0x0000000089400000, 0x0000000100000000)
  region size 1024K, 43 young (44032K), 7 survivors (7168K)
 Metaspace       used 84209K, committed 85184K, reserved 1179648K
  class space    used 12001K, committed 12480K, reserved 1048576K
}
Event: 14.351 GC heap after
{Heap after GC invocations=24 (full 0):
 garbage-first heap   total 125952K, used 60981K [0x0000000089400000, 0x0000000100000000)
  region size 1024K, 4 young (4096K), 4 survivors (4096K)
 Metaspace       used 84209K, committed 85184K, reserved 1179648K
  class space    used 12001K, committed 12480K, reserved 1048576K
}
Event: 14.378 GC heap before
{Heap before GC invocations=24 (full 0):
 garbage-first heap   total 125952K, used 85557K [0x0000000089400000, 0x0000000100000000)
  region size 1024K, 6 young (6144K), 4 survivors (4096K)
 Metaspace       used 84210K, committed 85184K, reserved 1179648K
  class space    used 12001K, committed 12480K, reserved 1048576K
}
Event: 14.383 GC heap after
{Heap after GC invocations=25 (full 0):
 garbage-first heap   total 125952K, used 62560K [0x0000000089400000, 0x0000000100000000)
  region size 1024K, 1 young (1024K), 1 survivors (1024K)
 Metaspace       used 84210K, committed 85184K, reserved 1179648K
  class space    used 12001K, committed 12480K, reserved 1048576K
}
Event: 57.101 GC heap before
{Heap before GC invocations=25 (full 0):
 garbage-first heap   total 125952K, used 103520K [0x0000000089400000, 0x0000000100000000)
  region size 1024K, 27 young (27648K), 1 survivors (1024K)
 Metaspace       used 85345K, committed 86336K, reserved 1179648K
  class space    used 12126K, committed 12608K, reserved 1048576K
}

