# JRE version: OpenJDK Runtime Environment (19.0.2+7) (build 19.0.2+7-44)
# Java VM: OpenJDK 64-Bit Server VM (19.0.2+7-44, mixed mode, emulated-client, sharing, tiered, compressed oops, compressed class ptrs, g1 gc, windows-amd64)
GC Precious Log:
 CardTable entry size: 512
 Card Set container configuration: InlinePtr #cards 5 size 8 Array Of Cards #cards 12 size 40 Howl #buckets 4 coarsen threshold 1843 Howl Bitmap #cards 512 size 80 coarsen threshold 460 Card regions per heap region 1 cards per card region 2048
 CPUs: 12 total, 12 available
 Memory: 7599M
 Large Page Support: Disabled
 NUMA Support: Disabled
 Compressed Oops: Enabled (32-bit)
 Heap Region Size: 1M
 Heap Min Capacity: 8M
 Heap Initial Capacity: 120M
 Heap Max Capacity: 1900M
 Pre-touch: Disabled
 Parallel Workers: 10
 Concurrent Workers: 3
 Concurrent Refinement Workers: 10
 Periodic GC: Disabled
Heap:
 garbage-first heap   total 199680K, used 198801K [0x0000000089400000, 0x0000000100000000)
  region size 1024K, 33 young (33792K), 1 survivors (1024K)
 Metaspace       used 85069K, committed 86720K, reserved 1179648K
  class space    used 12038K, committed 12672K, reserved 1048576K
GC Heap History (20 events):
Event: 52.529 GC heap before
{Heap before GC invocations=20 (full 0):
 garbage-first heap   total 169984K, used 92364K [0x0000000089400000, 0x0000000100000000)
  region size 1024K, 40 young (40960K), 13 survivors (13312K)
 Metaspace       used 85574K, committed 86656K, reserved 1179648K
  class space    used 12151K, committed 12672K, reserved 1048576K
}
Event: 52.546 GC heap after
{Heap after GC invocations=21 (full 0):
 garbage-first heap   total 169984K, used 59342K [0x0000000089400000, 0x0000000100000000)
  region size 1024K, 4 young (4096K), 4 survivors (4096K)
 Metaspace       used 85574K, committed 86656K, reserved 1179648K
  class space    used 12151K, committed 12672K, reserved 1048576K
}
Event: 498.820 GC heap before
{Heap before GC invocations=22 (full 0):
 garbage-first heap   total 169984K, used 167886K [0x0000000089400000, 0x0000000100000000)
  region size 1024K, 62 young (63488K), 4 survivors (4096K)
 Metaspace       used 85684K, committed 86720K, reserved 1179648K
  class space    used 12186K, committed 12672K, reserved 1048576K
}
Event: 498.823 GC heap after
{Heap after GC invocations=23 (full 0):
 garbage-first heap   total 172032K, used 46804K [0x0000000089400000, 0x0000000100000000)
  region size 1024K, 2 young (2048K), 2 survivors (2048K)
 Metaspace       used 85684K, committed 86720K, reserved 1179648K
  class space    used 12186K, committed 12672K, reserved 1048576K
}
Event: 524.975 GC heap before
{Heap before GC invocations=23 (full 0):
 garbage-first heap   total 172032K, used 56020K [0x0000000089400000, 0x0000000100000000)
  region size 1024K, 8 young (8192K), 2 survivors (2048K)
 Metaspace       used 85686K, committed 86720K, reserved 1179648K
  class space    used 12186K, committed 12672K, reserved 1048576K
}
Event: 525.003 GC heap after
{Heap after GC invocations=24 (full 0):
 garbage-first heap   total 172032K, used 50530K [0x0000000089400000, 0x0000000100000000)
  region size 1024K, 1 young (1024K), 1 survivors (1024K)
 Metaspace       used 85686K, committed 86720K, reserved 1179648K
  class space    used 12186K, committed 12672K, reserved 1048576K
}
Event: 525.014 GC heap before
{Heap before GC invocations=24 (full 0):
 garbage-first heap   total 172032K, used 50530K [0x0000000089400000, 0x0000000100000000)
  region size 1024K, 2 young (2048K), 1 survivors (1024K)
 Metaspace       used 85686K, committed 86720K, reserved 1179648K
  class space    used 12186K, committed 12672K, reserved 1048576K
}
Event: 525.041 GC heap after
{Heap after GC invocations=25 (full 0):
 garbage-first heap   total 172032K, used 50319K [0x0000000089400000, 0x0000000100000000)
  region size 1024K, 1 young (1024K), 1 survivors (1024K)
 Metaspace       used 85686K, committed 86720K, reserved 1179648K
  class space    used 12186K, committed 12672K, reserved 1048576K
}
Event: 528.141 GC heap before
{Heap before GC invocations=26 (full 0):
 garbage-first heap   total 174080K, used 172175K [0x0000000089400000, 0x0000000100000000)
  region size 1024K, 27 young (27648K), 1 survivors (1024K)
 Metaspace       used 85053K, committed 86720K, reserved 1179648K
  class space    used 12034K, committed 12672K, reserved 1048576K
}
Event: 528.143 GC heap after
{Heap after GC invocations=27 (full 0):
 garbage-first heap   total 175104K, used 54431K [0x0000000089400000, 0x0000000100000000)
  region size 1024K, 1 young (1024K), 1 survivors (1024K)
 Metaspace       used 85053K, committed 86720K, reserved 1179648K
  class space    used 12034K, committed 12672K, reserved 1048576K
}
Event: 528.240 GC heap before
{Heap before GC invocations=27 (full 0):
 garbage-first heap   total 175104K, used 89247K [0x0000000089400000, 0x0000000100000000)
  region size 1024K, 8 young (8192K), 1 survivors (1024K)
 Metaspace       used 85055K, committed 86720K, reserved 1179648K
  class space    used 12034K, committed 12672K, reserved 1048576K
}
Event: 528.247 GC heap after
{Heap after GC invocations=28 (full 0):
 garbage-first heap   total 175104K, used 62545K [0x0000000089400000, 0x0000000100000000)
  region size 1024K, 1 young (1024K), 1 survivors (1024K)
 Metaspace       used 85055K, committed 86720K, reserved 1179648K
  class space    used 12034K, committed 12672K, reserved 1048576K
}
Event: 528.255 GC heap before
{Heap before GC invocations=28 (full 0):
 garbage-first heap   total 175104K, used 62545K [0x0000000089400000, 0x0000000100000000)
  region size 1024K, 3 young (3072K), 1 survivors (1024K)
 Metaspace       used 85055K, committed 86720K, reserved 1179648K
  class space    used 12034K, committed 12672K, reserved 1048576K
}
Event: 528.259 GC heap after
{Heap after GC invocations=29 (full 0):
 garbage-first heap   total 175104K, used 64011K [0x0000000089400000, 0x0000000100000000)
  region size 1024K, 3 young (3072K), 3 survivors (3072K)
 Metaspace       used 85055K, committed 86720K, reserved 1179648K
  class space    used 12034K, committed 12672K, reserved 1048576K
}
Event: 538.964 GC heap before
{Heap before GC invocations=30 (full 0):
 garbage-first heap   total 187392K, used 184843K [0x0000000089400000, 0x0000000100000000)
  region size 1024K, 38 young (38912K), 3 survivors (3072K)
 Metaspace       used 85055K, committed 86720K, reserved 1179648K
  class space    used 12034K, committed 12672K, reserved 1048576K
}
Event: 538.967 GC heap after
{Heap after GC invocations=31 (full 0):
 garbage-first heap   total 190464K, used 64099K [0x0000000089400000, 0x0000000100000000)
  region size 1024K, 3 young (3072K), 3 survivors (3072K)
 Metaspace       used 85055K, committed 86720K, reserved 1179648K
  class space    used 12034K, committed 12672K, reserved 1048576K
}
Event: 541.177 GC heap before
{Heap before GC invocations=31 (full 0):
 garbage-first heap   total 190464K, used 76387K [0x0000000089400000, 0x0000000100000000)
  region size 1024K, 9 young (9216K), 3 survivors (3072K)
 Metaspace       used 85066K, committed 86720K, reserved 1179648K
  class space    used 12037K, committed 12672K, reserved 1048576K
}
Event: 541.190 GC heap after
{Heap after GC invocations=32 (full 0):
 garbage-first heap   total 190464K, used 60409K [0x0000000089400000, 0x0000000100000000)
  region size 1024K, 1 young (1024K), 1 survivors (1024K)
 Metaspace       used 85066K, committed 86720K, reserved 1179648K
  class space    used 12037K, committed 12672K, reserved 1048576K
}
Event: 541.190 GC heap before
{Heap before GC invocations=32 (full 0):
 garbage-first heap   total 190464K, used 60409K [0x0000000089400000, 0x0000000100000000)
  region size 1024K, 2 young (2048K), 1 survivors (1024K)
 Metaspace       used 85066K, committed 86720K, reserved 1179648K
  class space    used 12037K, committed 12672K, reserved 1048576K
}
Event: 541.193 GC heap after
{Heap after GC invocations=33 (full 0):
 garbage-first heap   total 190464K, used 60634K [0x0000000089400000, 0x0000000100000000)
  region size 1024K, 1 young (1024K), 1 survivors (1024K)
 Metaspace       used 85066K, committed 86720K, reserved 1179648K
  class space    used 12037K, committed 12672K, reserved 1048576K
}

