# JRE version: OpenJDK Runtime Environment (19.0.2+7) (build 19.0.2+7-44)
# Java VM: OpenJDK 64-Bit Server VM (19.0.2+7-44, mixed mode, emulated-client, sharing, tiered, compressed oops, compressed class ptrs, g1 gc, windows-amd64)
GC Precious Log:
 CardTable entry size: 512
 Card Set container configuration: InlinePtr #cards 5 size 8 Array Of Cards #cards 12 size 40 Howl #buckets 4 coarsen threshold 1843 Howl Bitmap #cards 512 size 80 coarsen threshold 460 Card regions per heap region 1 cards per card region 2048
 CPUs: 12 total, 12 available
 Memory: 7599M
 Large Page Support: Disabled
 NUMA Support: Disabled
 Compressed Oops: Enabled (32-bit)
 Heap Region Size: 1M
 Heap Min Capacity: 8M
 Heap Initial Capacity: 120M
 Heap Max Capacity: 1900M
 Pre-touch: Disabled
 Parallel Workers: 10
 Concurrent Workers: 3
 Concurrent Refinement Workers: 10
 Periodic GC: Disabled
Heap:
 garbage-first heap   total 377856K, used 95865K [0x0000000089400000, 0x0000000100000000)
  region size 1024K, 3 young (3072K), 3 survivors (3072K)
 Metaspace       used 86103K, committed 87744K, reserved 1179648K
  class space    used 12162K, committed 12800K, reserved 1048576K
GC Heap History (20 events):
Event: 62.410 GC heap after
{Heap after GC invocations=28 (full 0):
 garbage-first heap   total 377856K, used 61982K [0x0000000089400000, 0x0000000100000000)
  region size 1024K, 4 young (4096K), 4 survivors (4096K)
 Metaspace       used 85494K, committed 86528K, reserved 1179648K
  class space    used 12125K, committed 12608K, reserved 1048576K
}
Event: 62.430 GC heap before
{Heap before GC invocations=28 (full 0):
 garbage-first heap   total 377856K, used 65054K [0x0000000089400000, 0x0000000100000000)
  region size 1024K, 6 young (6144K), 4 survivors (4096K)
 Metaspace       used 85503K, committed 86528K, reserved 1179648K
  class space    used 12127K, committed 12608K, reserved 1048576K
}
Event: 62.435 GC heap after
{Heap after GC invocations=29 (full 0):
 garbage-first heap   total 377856K, used 62193K [0x0000000089400000, 0x0000000100000000)
  region size 1024K, 3 young (3072K), 3 survivors (3072K)
 Metaspace       used 85503K, committed 86528K, reserved 1179648K
  class space    used 12127K, committed 12608K, reserved 1048576K
}
Event: 99.283 GC heap before
{Heap before GC invocations=30 (full 0):
 garbage-first heap   total 258048K, used 255729K [0x0000000089400000, 0x0000000100000000)
  region size 1024K, 66 young (67584K), 3 survivors (3072K)
 Metaspace       used 86677K, committed 87680K, reserved 1179648K
  class space    used 12301K, committed 12736K, reserved 1048576K
}
Event: 99.288 GC heap after
{Heap after GC invocations=31 (full 0):
 garbage-first heap   total 261120K, used 59995K [0x0000000089400000, 0x0000000100000000)
  region size 1024K, 3 young (3072K), 3 survivors (3072K)
 Metaspace       used 86677K, committed 87680K, reserved 1179648K
  class space    used 12301K, committed 12736K, reserved 1048576K
}
Event: 99.440 GC heap before
{Heap before GC invocations=31 (full 0):
 garbage-first heap   total 261120K, used 96859K [0x0000000089400000, 0x0000000100000000)
  region size 1024K, 12 young (12288K), 3 survivors (3072K)
 Metaspace       used 86677K, committed 87680K, reserved 1179648K
  class space    used 12301K, committed 12736K, reserved 1048576K
}
Event: 99.453 GC heap after
{Heap after GC invocations=32 (full 0):
 garbage-first heap   total 261120K, used 67603K [0x0000000089400000, 0x0000000100000000)
  region size 1024K, 2 young (2048K), 2 survivors (2048K)
 Metaspace       used 86677K, committed 87680K, reserved 1179648K
  class space    used 12301K, committed 12736K, reserved 1048576K
}
Event: 99.500 GC heap before
{Heap before GC invocations=32 (full 0):
 garbage-first heap   total 261120K, used 71699K [0x0000000089400000, 0x0000000100000000)
  region size 1024K, 8 young (8192K), 2 survivors (2048K)
 Metaspace       used 86677K, committed 87680K, reserved 1179648K
  class space    used 12301K, committed 12736K, reserved 1048576K
}
Event: 99.505 GC heap after
{Heap after GC invocations=33 (full 0):
 garbage-first heap   total 261120K, used 69140K [0x0000000089400000, 0x0000000100000000)
  region size 1024K, 4 young (4096K), 4 survivors (4096K)
 Metaspace       used 86677K, committed 87680K, reserved 1179648K
  class space    used 12301K, committed 12736K, reserved 1048576K
}
Event: 240.916 GC heap before
{Heap before GC invocations=34 (full 0):
 garbage-first heap   total 264192K, used 261652K [0x0000000089400000, 0x0000000100000000)
  region size 1024K, 59 young (60416K), 4 survivors (4096K)
 Metaspace       used 86712K, committed 87744K, reserved 1179648K
  class space    used 12309K, committed 12800K, reserved 1048576K
}
Event: 240.922 GC heap after
{Heap after GC invocations=35 (full 0):
 garbage-first heap   total 271360K, used 106771K [0x0000000089400000, 0x0000000100000000)
  region size 1024K, 7 young (7168K), 7 survivors (7168K)
 Metaspace       used 86712K, committed 87744K, reserved 1179648K
  class space    used 12309K, committed 12800K, reserved 1048576K
}
Event: 240.984 GC heap before
{Heap before GC invocations=35 (full 0):
 garbage-first heap   total 271360K, used 128275K [0x0000000089400000, 0x0000000100000000)
  region size 1024K, 13 young (13312K), 7 survivors (7168K)
 Metaspace       used 86712K, committed 87744K, reserved 1179648K
  class space    used 12309K, committed 12800K, reserved 1048576K
}
Event: 240.992 GC heap after
{Heap after GC invocations=36 (full 0):
 garbage-first heap   total 271360K, used 100637K [0x0000000089400000, 0x0000000100000000)
  region size 1024K, 2 young (2048K), 2 survivors (2048K)
 Metaspace       used 86712K, committed 87744K, reserved 1179648K
  class space    used 12309K, committed 12800K, reserved 1048576K
}
Event: 248.891 GC heap before
{Heap before GC invocations=36 (full 0):
 garbage-first heap   total 271360K, used 107805K [0x0000000089400000, 0x0000000100000000)
  region size 1024K, 11 young (11264K), 2 survivors (2048K)
 Metaspace       used 86713K, committed 87744K, reserved 1179648K
  class space    used 12309K, committed 12800K, reserved 1048576K
}
Event: 248.896 GC heap after
{Heap after GC invocations=37 (full 0):
 garbage-first heap   total 271360K, used 99917K [0x0000000089400000, 0x0000000100000000)
  region size 1024K, 2 young (2048K), 2 survivors (2048K)
 Metaspace       used 86713K, committed 87744K, reserved 1179648K
  class space    used 12309K, committed 12800K, reserved 1048576K
}
Event: 249.831 GC heap before
{Heap before GC invocations=38 (full 0):
 garbage-first heap   total 222208K, used 219725K [0x0000000089400000, 0x0000000100000000)
  region size 1024K, 35 young (35840K), 2 survivors (2048K)
 Metaspace       used 86093K, committed 87744K, reserved 1179648K
  class space    used 12160K, committed 12800K, reserved 1048576K
}
Event: 249.838 GC heap after
{Heap after GC invocations=39 (full 0):
 garbage-first heap   total 227328K, used 94435K [0x0000000089400000, 0x0000000100000000)
  region size 1024K, 5 young (5120K), 5 survivors (5120K)
 Metaspace       used 86093K, committed 87744K, reserved 1179648K
  class space    used 12160K, committed 12800K, reserved 1048576K
}
Event: 249.870 GC heap before
{Heap before GC invocations=39 (full 0):
 garbage-first heap   total 227328K, used 103651K [0x0000000089400000, 0x0000000100000000)
  region size 1024K, 11 young (11264K), 5 survivors (5120K)
 Metaspace       used 86093K, committed 87744K, reserved 1179648K
  class space    used 12160K, committed 12800K, reserved 1048576K
}
Event: 249.875 GC heap after
{Heap after GC invocations=40 (full 0):
 garbage-first heap   total 227328K, used 95028K [0x0000000089400000, 0x0000000100000000)
  region size 1024K, 2 young (2048K), 2 survivors (2048K)
 Metaspace       used 86093K, committed 87744K, reserved 1179648K
  class space    used 12160K, committed 12800K, reserved 1048576K
}
Event: 249.930 GC heap before
{Heap before GC invocations=40 (full 0):
 garbage-first heap   total 227328K, used 99124K [0x0000000089400000, 0x0000000100000000)
  region size 1024K, 8 young (8192K), 2 survivors (2048K)
 Metaspace       used 86103K, committed 87744K, reserved 1179648K
  class space    used 12162K, committed 12800K, reserved 1048576K
}

